13:22:29.931 [main] DEBUG org.testng.TestNG - suiteXmlPath: "D:\Java_Programs\OpencartV121\master.xml"
13:22:30.542 [main] INFO  org.testng.internal.Utils - [TestNG] Running:
  D:\Java_Programs\OpencartV121\master.xml

13:22:34.486 [main] INFO  TestCases.TC001_AcoountRegistrationTest - ******Starting TC001_AcoountRegistrationTest ******
13:22:35.364 [main] INFO  TestCases.TC001_AcoountRegistrationTest - ******Clicked on click_myacc******
13:22:36.071 [main] INFO  TestCases.TC001_AcoountRegistrationTest - ******Clicked on click_register******
13:22:36.075 [main] INFO  TestCases.TC001_AcoountRegistrationTest - ******Providing customer details******
13:22:37.567 [main] INFO  TestCases.TC001_AcoountRegistrationTest - ********Validating expected msg*******
13:22:37.727 [main] INFO  TestCases.TC001_AcoountRegistrationTest - ******Finished TC001_AcoountRegistrationTest ******
13:22:41.324 [main] INFO  TestCases.TC002_LoginTest - ******Starting TC002_LoginTest ******
13:22:42.664 [main] INFO  TestCases.TC002_LoginTest - ******Clicked on click_to_login page******
13:22:42.666 [main] INFO  TestCases.TC002_LoginTest - ******Providing customer valid email and vaild pwd******
13:22:43.691 [main] INFO  TestCases.TC002_LoginTest - ********Validating expected msg*******
13:22:43.691 [main] INFO  TestCases.TC002_LoginTest - ******Finished TC001_AcoountRegistrationTest ******
13:36:36.567 [main] DEBUG org.testng.TestNG - suiteXmlPath: "D:\Java_Programs\OpencartV121\docker-grid.xml"
13:36:37.599 [main] INFO  org.testng.internal.Utils - [TestNG] Running:
  D:\Java_Programs\OpencartV121\docker-grid.xml

13:52:14.664 [main] DEBUG org.testng.TestNG - suiteXmlPath: "D:\Java_Programs\OpencartV121\docker-grid.xml"
13:52:15.458 [main] INFO  org.testng.internal.Utils - [TestNG] Running:
  D:\Java_Programs\OpencartV121\docker-grid.xml

14:17:03.790 [main] DEBUG org.testng.TestNG - suiteXmlPath: "D:\Java_Programs\OpencartV121\docker-grid.xml"
14:17:04.556 [main] INFO  org.testng.internal.Utils - [TestNG] Running:
  D:\Java_Programs\OpencartV121\docker-grid.xml

10:08:34.351 [main] DEBUG org.testng.TestNG - suiteXmlPath: "D:\Java_Programs\OpencartV121\master.xml"
10:08:35.106 [main] INFO  org.testng.internal.Utils - [TestNG] Running:
  D:\Java_Programs\OpencartV121\master.xml

10:10:44.407 [main] DEBUG org.testng.TestNG - suiteXmlPath: "D:\Java_Programs\OpencartV121\master.xml"
10:10:44.929 [main] INFO  org.testng.internal.Utils - [TestNG] Running:
  D:\Java_Programs\OpencartV121\master.xml

10:11:23.084 [main] DEBUG org.testng.TestNG - suiteXmlPath: "D:\Java_Programs\OpencartV121\master.xml"
10:11:23.652 [main] INFO  org.testng.internal.Utils - [TestNG] Running:
  D:\Java_Programs\OpencartV121\master.xml

10:12:12.554 [main] ERROR org.testng.reporters.jq.Main - D:\Java_Programs\OpencartV121\test-output\jquery-3.6.0.min.js
java.nio.file.FileAlreadyExistsException: D:\Java_Programs\OpencartV121\test-output\jquery-3.6.0.min.js
	at java.base/sun.nio.fs.WindowsException.translateToIOException(WindowsException.java:87) ~[?:?]
	at java.base/sun.nio.fs.WindowsException.rethrowAsIOException(WindowsException.java:103) ~[?:?]
	at java.base/sun.nio.fs.WindowsException.rethrowAsIOException(WindowsException.java:108) ~[?:?]
	at java.base/sun.nio.fs.WindowsFileSystemProvider.newByteChannel(WindowsFileSystemProvider.java:234) ~[?:?]
	at java.base/java.nio.file.spi.FileSystemProvider.newOutputStream(FileSystemProvider.java:482) ~[?:?]
	at java.base/java.nio.file.Files.newOutputStream(Files.java:228) ~[?:?]
	at java.base/java.nio.file.Files.copy(Files.java:3164) ~[?:?]
	at org.testng.reporters.jq.Main.generateReport(Main.java:95) [testng-7.11.0.jar:7.11.0]
	at org.testng.TestNG.generateReports(TestNG.java:1160) [testng-7.11.0.jar:7.11.0]
	at org.testng.TestNG.run(TestNG.java:1085) [testng-7.11.0.jar:7.11.0]
	at org.testng.remote.AbstractRemoteTestNG.run(AbstractRemoteTestNG.java:115) [testng-remote.jar:?]
	at org.testng.remote.RemoteTestNG.initAndRun(RemoteTestNG.java:293) [testng-remote.jar:?]
	at org.testng.remote.RemoteTestNG.main(RemoteTestNG.java:91) [testng-remote.jar:?]
10:12:13.913 [main] ERROR org.testng.reporters.jq.Main - D:\Java_Programs\OpencartV121\test-output\skipped.png
java.nio.file.AccessDeniedException: D:\Java_Programs\OpencartV121\test-output\skipped.png
	at java.base/sun.nio.fs.WindowsException.translateToIOException(WindowsException.java:89) ~[?:?]
	at java.base/sun.nio.fs.WindowsException.rethrowAsIOException(WindowsException.java:103) ~[?:?]
	at java.base/sun.nio.fs.WindowsException.rethrowAsIOException(WindowsException.java:108) ~[?:?]
	at java.base/sun.nio.fs.WindowsFileSystemProvider.implDelete(WindowsFileSystemProvider.java:273) ~[?:?]
	at java.base/sun.nio.fs.AbstractFileSystemProvider.deleteIfExists(AbstractFileSystemProvider.java:110) ~[?:?]
	at java.base/java.nio.file.Files.deleteIfExists(Files.java:1192) ~[?:?]
	at java.base/java.nio.file.Files.copy(Files.java:3152) ~[?:?]
	at org.testng.reporters.jq.Main.generateReport(Main.java:95) [testng-7.11.0.jar:7.11.0]
	at org.testng.TestNG.generateReports(TestNG.java:1160) [testng-7.11.0.jar:7.11.0]
	at org.testng.TestNG.run(TestNG.java:1085) [testng-7.11.0.jar:7.11.0]
	at org.testng.remote.AbstractRemoteTestNG.run(AbstractRemoteTestNG.java:115) [testng-remote.jar:?]
	at org.testng.remote.RemoteTestNG.initAndRun(RemoteTestNG.java:293) [testng-remote.jar:?]
	at org.testng.remote.RemoteTestNG.main(RemoteTestNG.java:91) [testng-remote.jar:?]
10:12:29.655 [main] DEBUG org.testng.TestNG - suiteXmlPath: "D:\Java_Programs\OpencartV121\master.xml"
10:12:30.242 [main] INFO  org.testng.internal.Utils - [TestNG] Running:
  D:\Java_Programs\OpencartV121\master.xml

10:13:33.283 [main] DEBUG org.testng.TestNG - suiteXmlPath: "D:\Java_Programs\OpencartV121\master.xml"
10:13:33.917 [main] INFO  org.testng.internal.Utils - [TestNG] Running:
  D:\Java_Programs\OpencartV121\master.xml

11:52:50.594 [main] DEBUG org.testng.TestNG - suiteXmlPath: "D:\Java_Programs\OpencartV121\master.xml"
11:52:51.156 [main] INFO  org.testng.internal.Utils - [TestNG] Running:
  D:\Java_Programs\OpencartV121\master.xml

11:54:41.878 [main] DEBUG org.testng.TestNG - suiteXmlPath: "D:\Java_Programs\OpencartV121\master.xml"
11:54:42.363 [main] INFO  org.testng.internal.Utils - [TestNG] Running:
  D:\Java_Programs\OpencartV121\master.xml

11:54:46.112 [main] INFO  TestCases.TC001_AcoountRegistrationTest - ******Starting TC001_AcoountRegistrationTest ******
11:54:46.836 [main] INFO  TestCases.TC001_AcoountRegistrationTest - ******Clicked on click_myacc******
11:54:47.543 [main] INFO  TestCases.TC001_AcoountRegistrationTest - ******Clicked on click_register******
11:54:47.549 [main] INFO  TestCases.TC001_AcoountRegistrationTest - ******Providing customer details******
11:54:49.067 [main] INFO  TestCases.TC001_AcoountRegistrationTest - ********Validating expected msg*******
11:54:49.196 [main] INFO  TestCases.TC001_AcoountRegistrationTest - ******Finished TC001_AcoountRegistrationTest ******
11:54:51.985 [main] INFO  TestCases.TC002_LoginTest - ******Starting TC002_LoginTest ******
11:54:53.232 [main] INFO  TestCases.TC002_LoginTest - ******Clicked on click_to_login page******
11:54:53.235 [main] INFO  TestCases.TC002_LoginTest - ******Providing customer valid email and vaild pwd******
11:54:54.130 [main] INFO  TestCases.TC002_LoginTest - ********Validating expected msg*******
11:54:54.130 [main] INFO  TestCases.TC002_LoginTest - ******Finished TC001_AcoountRegistrationTest ******
11:57:28.557 [main] DEBUG org.testng.TestNG - suiteXmlPath: "D:\Java_Programs\OpencartV121\docker-grid.xml"
11:57:29.189 [main] INFO  org.testng.internal.Utils - [TestNG] Running:
  D:\Java_Programs\OpencartV121\docker-grid.xml

12:03:42.605 [main] DEBUG org.testng.TestNG - suiteXmlPath: "D:\Java_Programs\OpencartV121\docker-grid.xml"
12:03:43.088 [main] INFO  org.testng.internal.Utils - [TestNG] Running:
  D:\Java_Programs\OpencartV121\docker-grid.xml

12:03:50.692 [main] INFO  TestCases.TC002_LoginTest - ******Starting TC002_LoginTest ******
12:03:52.188 [main] INFO  TestCases.TC002_LoginTest - ******Clicked on click_to_login page******
12:03:52.191 [main] INFO  TestCases.TC002_LoginTest - ******Providing customer valid email and vaild pwd******
12:04:23.317 [main] INFO  TestCases.TC002_LoginTest - ********Validating expected msg*******
12:09:20.785 [main] DEBUG org.testng.TestNG - suiteXmlPath: "D:\Java_Programs\OpencartV121\docker-grid.xml"
12:09:21.383 [main] INFO  org.testng.internal.Utils - [TestNG] Running:
  D:\Java_Programs\OpencartV121\docker-grid.xml

12:09:29.826 [main] INFO  TestCases.TC002_LoginTest - ******Starting TC002_LoginTest ******
12:09:30.659 [main] INFO  TestCases.TC002_LoginTest - ******Clicked on click_to_login page******
12:09:30.661 [main] INFO  TestCases.TC002_LoginTest - ******Providing customer valid email and vaild pwd******
12:09:32.050 [main] INFO  TestCases.TC002_LoginTest - ********Validating expected msg*******
12:09:32.054 [main] INFO  TestCases.TC002_LoginTest - ******Finished TC001_AcoountRegistrationTest ******
12:10:36.637 [main] DEBUG org.testng.TestNG - suiteXmlPath: "D:\Java_Programs\OpencartV121\docker-grid.xml"
12:10:37.221 [main] INFO  org.testng.internal.Utils - [TestNG] Running:
  D:\Java_Programs\OpencartV121\docker-grid.xml

12:10:45.267 [main] INFO  TestCases.TC001_AcoountRegistrationTest - ******Starting TC001_AcoountRegistrationTest ******
12:10:45.753 [main] INFO  TestCases.TC001_AcoountRegistrationTest - ******Clicked on click_myacc******
12:10:46.343 [main] INFO  TestCases.TC001_AcoountRegistrationTest - ******Clicked on click_register******
12:10:46.346 [main] INFO  TestCases.TC001_AcoountRegistrationTest - ******Providing customer details******
12:10:48.040 [main] INFO  TestCases.TC001_AcoountRegistrationTest - ********Validating expected msg*******
12:10:48.173 [main] INFO  TestCases.TC001_AcoountRegistrationTest - ******Finished TC001_AcoountRegistrationTest ******
12:10:55.339 [main] INFO  TestCases.TC002_LoginTest - ******Starting TC002_LoginTest ******
12:10:56.074 [main] INFO  TestCases.TC002_LoginTest - ******Clicked on click_to_login page******
12:10:56.076 [main] INFO  TestCases.TC002_LoginTest - ******Providing customer valid email and vaild pwd******
12:10:57.350 [main] INFO  TestCases.TC002_LoginTest - ********Validating expected msg*******
12:10:57.351 [main] INFO  TestCases.TC002_LoginTest - ******Finished TC001_AcoountRegistrationTest ******
12:13:21.220 [main] DEBUG org.testng.TestNG - suiteXmlPath: "D:\Java_Programs\OpencartV121\master.xml"
12:13:21.758 [main] INFO  org.testng.internal.Utils - [TestNG] Running:
  D:\Java_Programs\OpencartV121\master.xml

12:13:26.235 [main] INFO  TestCases.TC001_AcoountRegistrationTest - ******Starting TC001_AcoountRegistrationTest ******
12:13:26.960 [main] INFO  TestCases.TC001_AcoountRegistrationTest - ******Clicked on click_myacc******
12:13:27.535 [main] INFO  TestCases.TC001_AcoountRegistrationTest - ******Clicked on click_register******
12:13:27.550 [main] INFO  TestCases.TC001_AcoountRegistrationTest - ******Providing customer details******
12:13:28.984 [main] INFO  TestCases.TC001_AcoountRegistrationTest - ********Validating expected msg*******
12:13:29.039 [main] INFO  TestCases.TC001_AcoountRegistrationTest - ******Finished TC001_AcoountRegistrationTest ******
12:13:31.995 [main] INFO  TestCases.TC002_LoginTest - ******Starting TC002_LoginTest ******
12:13:33.400 [main] INFO  TestCases.TC002_LoginTest - ******Clicked on click_to_login page******
12:13:33.401 [main] INFO  TestCases.TC002_LoginTest - ******Providing customer valid email and vaild pwd******
12:13:34.396 [main] INFO  TestCases.TC002_LoginTest - ********Validating expected msg*******
12:13:34.396 [main] INFO  TestCases.TC002_LoginTest - ******Finished TC001_AcoountRegistrationTest ******
12:14:48.376 [main] DEBUG org.testng.TestNG - suiteXmlPath: "D:\Java_Programs\OpencartV121\master.xml"
12:14:48.851 [main] INFO  org.testng.internal.Utils - [TestNG] Running:
  D:\Java_Programs\OpencartV121\master.xml

12:14:51.853 [main] INFO  TestCases.TC001_AcoountRegistrationTest - ******Starting TC001_AcoountRegistrationTest ******
12:14:52.653 [main] INFO  TestCases.TC001_AcoountRegistrationTest - ******Clicked on click_myacc******
12:14:53.205 [main] INFO  TestCases.TC001_AcoountRegistrationTest - ******Clicked on click_register******
12:14:53.212 [main] INFO  TestCases.TC001_AcoountRegistrationTest - ******Providing customer details******
12:14:54.698 [main] INFO  TestCases.TC001_AcoountRegistrationTest - ********Validating expected msg*******
12:14:54.836 [main] INFO  TestCases.TC001_AcoountRegistrationTest - ******Finished TC001_AcoountRegistrationTest ******
12:14:57.544 [main] INFO  TestCases.TC002_LoginTest - ******Starting TC002_LoginTest ******
12:14:58.117 [main] INFO  TestCases.TC002_LoginTest - ******Clicked on click_to_login page******
12:14:58.119 [main] INFO  TestCases.TC002_LoginTest - ******Providing customer valid email and vaild pwd******
12:14:59.192 [main] INFO  TestCases.TC002_LoginTest - ********Validating expected msg*******
12:14:59.192 [main] INFO  TestCases.TC002_LoginTest - ******Finished TC001_AcoountRegistrationTest ******
12:17:52.813 [main] DEBUG org.testng.TestNG - suiteXmlPath: "D:\Java_Programs\OpencartV121\docker-grid.xml"
12:17:54.136 [main] INFO  org.testng.internal.Utils - [TestNG] Running:
  D:\Java_Programs\OpencartV121\docker-grid.xml

12:18:03.254 [main] INFO  TestCases.TC001_AcoountRegistrationTest - ******Starting TC001_AcoountRegistrationTest ******
12:18:03.629 [main] INFO  TestCases.TC001_AcoountRegistrationTest - ******Clicked on click_myacc******
12:18:05.095 [main] INFO  TestCases.TC001_AcoountRegistrationTest - ******Clicked on click_register******
12:18:05.098 [main] INFO  TestCases.TC001_AcoountRegistrationTest - ******Providing customer details******
12:18:07.434 [main] INFO  TestCases.TC001_AcoountRegistrationTest - ********Validating expected msg*******
12:18:07.507 [main] INFO  TestCases.TC001_AcoountRegistrationTest - ******Finished TC001_AcoountRegistrationTest ******
12:18:15.172 [main] INFO  TestCases.TC002_LoginTest - ******Starting TC002_LoginTest ******
12:18:16.146 [main] INFO  TestCases.TC002_LoginTest - ******Clicked on click_to_login page******
12:18:16.152 [main] INFO  TestCases.TC002_LoginTest - ******Providing customer valid email and vaild pwd******
12:18:47.199 [main] INFO  TestCases.TC002_LoginTest - ********Validating expected msg*******
12:19:30.791 [main] DEBUG org.testng.TestNG - suiteXmlPath: "D:\Java_Programs\OpencartV121\docker-grid.xml"
12:19:31.552 [main] INFO  org.testng.internal.Utils - [TestNG] Running:
  D:\Java_Programs\OpencartV121\docker-grid.xml

12:19:38.533 [main] INFO  TestCases.TC001_AcoountRegistrationTest - ******Starting TC001_AcoountRegistrationTest ******
12:19:38.911 [main] INFO  TestCases.TC001_AcoountRegistrationTest - ******Clicked on click_myacc******
12:19:39.536 [main] INFO  TestCases.TC001_AcoountRegistrationTest - ******Clicked on click_register******
12:19:39.539 [main] INFO  TestCases.TC001_AcoountRegistrationTest - ******Providing customer details******
12:19:41.882 [main] INFO  TestCases.TC001_AcoountRegistrationTest - ********Validating expected msg*******
12:19:41.971 [main] INFO  TestCases.TC001_AcoountRegistrationTest - ******Finished TC001_AcoountRegistrationTest ******
12:19:49.196 [main] INFO  TestCases.TC002_LoginTest - ******Starting TC002_LoginTest ******
12:19:49.872 [main] INFO  TestCases.TC002_LoginTest - ******Clicked on click_to_login page******
12:19:49.875 [main] INFO  TestCases.TC002_LoginTest - ******Providing customer valid email and vaild pwd******
12:20:20.906 [main] INFO  TestCases.TC002_LoginTest - ********Validating expected msg*******
12:24:44.527 [main] DEBUG org.testng.TestNG - suiteXmlPath: "D:\Java_Programs\OpencartV121\docker-grid.xml"
12:24:45.502 [main] INFO  org.testng.internal.Utils - [TestNG] Running:
  D:\Java_Programs\OpencartV121\docker-grid.xml

12:24:56.601 [main] INFO  TestCases.TC001_AcoountRegistrationTest - ******Starting TC001_AcoountRegistrationTest ******
12:24:57.081 [main] INFO  TestCases.TC001_AcoountRegistrationTest - ******Clicked on click_myacc******
12:24:58.917 [main] INFO  TestCases.TC001_AcoountRegistrationTest - ******Clicked on click_register******
12:24:58.919 [main] INFO  TestCases.TC001_AcoountRegistrationTest - ******Providing customer details******
12:25:00.813 [main] INFO  TestCases.TC001_AcoountRegistrationTest - ********Validating expected msg*******
12:25:00.883 [main] INFO  TestCases.TC001_AcoountRegistrationTest - ******Finished TC001_AcoountRegistrationTest ******
12:25:08.817 [main] INFO  TestCases.TC002_LoginTest - ******Starting TC002_LoginTest ******
12:25:09.518 [main] INFO  TestCases.TC002_LoginTest - ******Clicked on click_to_login page******
12:25:09.520 [main] INFO  TestCases.TC002_LoginTest - ******Providing customer valid email and vaild pwd******
12:25:40.558 [main] INFO  TestCases.TC002_LoginTest - ********Validating expected msg*******
12:26:51.491 [main] DEBUG org.testng.TestNG - suiteXmlPath: "D:\Java_Programs\OpencartV121\docker-grid.xml"
12:26:52.302 [main] INFO  org.testng.internal.Utils - [TestNG] Running:
  D:\Java_Programs\OpencartV121\docker-grid.xml

12:27:03.688 [main] INFO  TestCases.TC001_AcoountRegistrationTest - ******Starting TC001_AcoountRegistrationTest ******
12:27:04.339 [main] INFO  TestCases.TC001_AcoountRegistrationTest - ******Clicked on click_myacc******
12:27:05.595 [main] INFO  TestCases.TC001_AcoountRegistrationTest - ******Clicked on click_register******
12:27:05.606 [main] INFO  TestCases.TC001_AcoountRegistrationTest - ******Providing customer details******
12:27:08.154 [main] INFO  TestCases.TC001_AcoountRegistrationTest - ********Validating expected msg*******
12:27:08.278 [main] INFO  TestCases.TC001_AcoountRegistrationTest - ******Finished TC001_AcoountRegistrationTest ******
12:27:19.676 [main] INFO  TestCases.TC002_LoginTest - ******Starting TC002_LoginTest ******
12:27:20.714 [main] INFO  TestCases.TC002_LoginTest - ******Clicked on click_to_login page******
12:27:20.715 [main] INFO  TestCases.TC002_LoginTest - ******Providing customer valid email and vaild pwd******
12:27:22.299 [main] INFO  TestCases.TC002_LoginTest - ********Validating expected msg*******
12:27:22.299 [main] INFO  TestCases.TC002_LoginTest - ******Finished TC001_AcoountRegistrationTest ******
18:26:06.774 [main] DEBUG org.testng.TestNG - suiteXmlPath: "D:\Java_Programs\OpencartV121\docker-grid.xml"
18:26:07.605 [main] INFO  org.testng.internal.Utils - [TestNG] Running:
  D:\Java_Programs\OpencartV121\docker-grid.xml

18:26:20.085 [main] INFO  TestCases.TC001_AcoountRegistrationTest - ******Starting TC001_AcoountRegistrationTest ******
18:26:20.605 [main] INFO  TestCases.TC001_AcoountRegistrationTest - ******Clicked on click_myacc******
18:26:21.350 [main] INFO  TestCases.TC001_AcoountRegistrationTest - ******Clicked on click_register******
18:26:21.354 [main] INFO  TestCases.TC001_AcoountRegistrationTest - ******Providing customer details******
18:26:23.127 [main] INFO  TestCases.TC001_AcoountRegistrationTest - ********Validating expected msg*******
18:26:23.196 [main] INFO  TestCases.TC001_AcoountRegistrationTest - ******Finished TC001_AcoountRegistrationTest ******
18:26:30.340 [main] INFO  TestCases.TC002_LoginTest - ******Starting TC002_LoginTest ******
18:26:31.076 [main] INFO  TestCases.TC002_LoginTest - ******Clicked on click_to_login page******
18:26:31.079 [main] INFO  TestCases.TC002_LoginTest - ******Providing customer valid email and vaild pwd******
18:26:32.511 [main] INFO  TestCases.TC002_LoginTest - ********Validating expected msg*******
18:26:32.512 [main] INFO  TestCases.TC002_LoginTest - ******Finished TC001_AcoountRegistrationTest ******
18:26:55.629 [main] DEBUG org.testng.TestNG - suiteXmlPath: "D:\Java_Programs\OpencartV121\docker-grid.xml"
18:26:56.271 [main] INFO  org.testng.internal.Utils - [TestNG] Running:
  D:\Java_Programs\OpencartV121\docker-grid.xml

18:27:04.752 [main] INFO  TestCases.TC001_AcoountRegistrationTest - ******Starting TC001_AcoountRegistrationTest ******
18:27:05.106 [main] INFO  TestCases.TC001_AcoountRegistrationTest - ******Clicked on click_myacc******
18:27:05.670 [main] INFO  TestCases.TC001_AcoountRegistrationTest - ******Clicked on click_register******
18:27:05.674 [main] INFO  TestCases.TC001_AcoountRegistrationTest - ******Providing customer details******
18:27:07.477 [main] INFO  TestCases.TC001_AcoountRegistrationTest - ********Validating expected msg*******
18:27:07.539 [main] INFO  TestCases.TC001_AcoountRegistrationTest - ******Finished TC001_AcoountRegistrationTest ******
18:27:15.867 [main] INFO  TestCases.TC002_LoginTest - ******Starting TC002_LoginTest ******
18:27:16.678 [main] INFO  TestCases.TC002_LoginTest - ******Clicked on click_to_login page******
18:27:16.682 [main] INFO  TestCases.TC002_LoginTest - ******Providing customer valid email and vaild pwd******
18:27:18.040 [main] INFO  TestCases.TC002_LoginTest - ********Validating expected msg*******
18:27:18.041 [main] INFO  TestCases.TC002_LoginTest - ******Finished TC001_AcoountRegistrationTest ******
18:35:58.959 [main] DEBUG org.testng.TestNG - suiteXmlPath: "D:\Java_Programs\OpencartV121\docker-grid.xml"
18:36:00.496 [main] INFO  org.testng.internal.Utils - [TestNG] Running:
  D:\Java_Programs\OpencartV121\docker-grid.xml

18:36:13.350 [main] INFO  TestCases.TC001_AcoountRegistrationTest - ******Starting TC001_AcoountRegistrationTest ******
18:36:13.881 [main] INFO  TestCases.TC001_AcoountRegistrationTest - ******Clicked on click_myacc******
18:36:14.537 [main] INFO  TestCases.TC001_AcoountRegistrationTest - ******Clicked on click_register******
18:36:14.541 [main] INFO  TestCases.TC001_AcoountRegistrationTest - ******Providing customer details******
18:36:17.232 [main] INFO  TestCases.TC001_AcoountRegistrationTest - ********Validating expected msg*******
18:36:17.311 [main] INFO  TestCases.TC001_AcoountRegistrationTest - ******Finished TC001_AcoountRegistrationTest ******
18:36:25.851 [main] INFO  TestCases.TC002_LoginTest - ******Starting TC002_LoginTest ******
18:36:27.083 [main] INFO  TestCases.TC002_LoginTest - ******Clicked on click_to_login page******
18:36:27.086 [main] INFO  TestCases.TC002_LoginTest - ******Providing customer valid email and vaild pwd******
18:36:28.332 [main] INFO  TestCases.TC002_LoginTest - ********Validating expected msg*******
18:36:28.332 [main] INFO  TestCases.TC002_LoginTest - ******Finished TC001_AcoountRegistrationTest ******
18:37:23.029 [main] DEBUG org.testng.TestNG - suiteXmlPath: "D:\Java_Programs\OpencartV121\docker-grid.xml"
18:39:27.470 [main] DEBUG org.testng.TestNG - suiteXmlPath: "D:\Java_Programs\OpencartV121\docker-grid.xml"
18:39:28.077 [main] INFO  org.testng.internal.Utils - [TestNG] Running:
  D:\Java_Programs\OpencartV121\docker-grid.xml

18:39:34.831 [main] INFO  TestCases.TC001_AcoountRegistrationTest - ******Starting TC001_AcoountRegistrationTest ******
18:39:35.623 [main] INFO  TestCases.TC001_AcoountRegistrationTest - ******Clicked on click_myacc******
18:39:36.996 [main] INFO  TestCases.TC001_AcoountRegistrationTest - ******Clicked on click_register******
18:39:37.001 [main] INFO  TestCases.TC001_AcoountRegistrationTest - ******Providing customer details******
18:39:39.754 [main] INFO  TestCases.TC001_AcoountRegistrationTest - ********Validating expected msg*******
18:39:39.946 [main] INFO  TestCases.TC001_AcoountRegistrationTest - ******Finished TC001_AcoountRegistrationTest ******
18:39:42.943 [main] INFO  TestCases.TC002_LoginTest - ******Starting TC002_LoginTest ******
18:39:43.687 [main] INFO  TestCases.TC002_LoginTest - ******Clicked on click_to_login page******
18:39:43.689 [main] INFO  TestCases.TC002_LoginTest - ******Providing customer valid email and vaild pwd******
18:39:45.563 [main] INFO  TestCases.TC002_LoginTest - ********Validating expected msg*******
18:39:45.563 [main] INFO  TestCases.TC002_LoginTest - ******Finished TC001_AcoountRegistrationTest ******
18:39:57.094 [main] INFO  TestCases.TC001_AcoountRegistrationTest - ******Starting TC001_AcoountRegistrationTest ******
18:39:57.481 [main] INFO  TestCases.TC001_AcoountRegistrationTest - ******Clicked on click_myacc******
18:39:58.098 [main] INFO  TestCases.TC001_AcoountRegistrationTest - ******Clicked on click_register******
18:39:58.099 [main] INFO  TestCases.TC001_AcoountRegistrationTest - ******Providing customer details******
18:40:00.079 [main] INFO  TestCases.TC001_AcoountRegistrationTest - ********Validating expected msg*******
18:40:00.139 [main] INFO  TestCases.TC001_AcoountRegistrationTest - ******Finished TC001_AcoountRegistrationTest ******
18:40:08.477 [main] INFO  TestCases.TC002_LoginTest - ******Starting TC002_LoginTest ******
18:40:09.542 [main] INFO  TestCases.TC002_LoginTest - ******Clicked on click_to_login page******
18:40:09.543 [main] INFO  TestCases.TC002_LoginTest - ******Providing customer valid email and vaild pwd******
18:40:11.094 [main] INFO  TestCases.TC002_LoginTest - ********Validating expected msg*******
18:40:11.094 [main] INFO  TestCases.TC002_LoginTest - ******Finished TC001_AcoountRegistrationTest ******
16:39:26.377 [main] DEBUG org.testng.TestNG - suiteXmlPath: "D:\Java_Programs\OpencartV121\master.xml"
16:42:41.285 [main] DEBUG org.testng.TestNG - suiteXmlPath: "D:\Java_Programs\OpencartV121\master.xml"
16:42:47.668 [main] INFO  TestCases.TC001_AcoountRegistrationTest - ******Starting TC001_AcoountRegistrationTest ******
16:42:48.569 [main] INFO  TestCases.TC001_AcoountRegistrationTest - ******Clicked on click_myacc******
16:44:39.745 [main] INFO  TestCases.TC001_AcoountRegistrationTest - ******Clicked on click_register******
16:44:39.748 [main] INFO  TestCases.TC001_AcoountRegistrationTest - ******Providing customer details******
16:45:03.398 [main] DEBUG org.testng.TestNG - suiteXmlPath: "D:\Java_Programs\OpencartV121\master.xml"
16:54:09.511 [main] DEBUG org.testng.TestNG - suiteXmlPath: "D:\Java_Programs\OpencartV121\master.xml"
16:55:08.142 [main] INFO  TestCases.TC002_LoginTest - ******Starting TC002_LoginTest ******
16:58:00.761 [main] DEBUG org.testng.TestNG - suiteXmlPath: "D:\Java_Programs\OpencartV121\master.xml"
16:59:38.654 [main] DEBUG org.testng.TestNG - suiteXmlPath: "D:\Java_Programs\OpencartV121\master.xml"
16:59:43.846 [main] INFO  TestCases.TC001_AcoountRegistrationTest - ******Starting TC001_AcoountRegistrationTest ******
16:59:44.893 [main] INFO  TestCases.TC001_AcoountRegistrationTest - ******Clicked on click_myacc******
16:59:45.511 [main] INFO  TestCases.TC001_AcoountRegistrationTest - ******Clicked on click_register******
16:59:45.515 [main] INFO  TestCases.TC001_AcoountRegistrationTest - ******Providing customer details******
16:59:48.029 [main] INFO  TestCases.TC001_AcoountRegistrationTest - ********Validating expected msg*******
16:59:48.124 [main] INFO  TestCases.TC001_AcoountRegistrationTest - ******Finished TC001_AcoountRegistrationTest ******
16:59:51.587 [main] INFO  TestCases.TC002_LoginTest - ******Starting TC002_LoginTest ******
16:59:52.913 [main] INFO  TestCases.TC002_LoginTest - ******Clicked on click_to_login page******
16:59:52.923 [main] INFO  TestCases.TC002_LoginTest - ******Providing customer valid email and vaild pwd******
17:00:23.545 [main] INFO  TestCases.TC002_LoginTest - ********Validating expected msg*******
17:01:24.610 [main] DEBUG org.testng.TestNG - suiteXmlPath: "D:\Java_Programs\OpencartV121\master.xml"
17:01:32.520 [main] INFO  TestCases.TC001_AcoountRegistrationTest - ******Starting TC001_AcoountRegistrationTest ******
17:02:22.245 [main] DEBUG org.testng.TestNG - suiteXmlPath: "D:\Java_Programs\OpencartV121\master.xml"
17:02:26.839 [main] INFO  TestCases.TC001_AcoountRegistrationTest - ******Starting TC001_AcoountRegistrationTest ******
17:02:27.793 [main] INFO  TestCases.TC001_AcoountRegistrationTest - ******Clicked on click_myacc******
17:02:28.464 [main] INFO  TestCases.TC001_AcoountRegistrationTest - ******Clicked on click_register******
17:02:28.470 [main] INFO  TestCases.TC001_AcoountRegistrationTest - ******Providing customer details******
17:02:29.945 [main] INFO  TestCases.TC001_AcoountRegistrationTest - ********Validating expected msg*******
17:02:30.054 [main] INFO  TestCases.TC001_AcoountRegistrationTest - ******Finished TC001_AcoountRegistrationTest ******
17:02:33.040 [main] INFO  TestCases.TC002_LoginTest - ******Starting TC002_LoginTest ******
17:02:34.409 [main] INFO  TestCases.TC002_LoginTest - ******Clicked on click_to_login page******
17:02:34.411 [main] INFO  TestCases.TC002_LoginTest - ******Providing customer valid email and vaild pwd******
17:02:35.481 [main] INFO  TestCases.TC002_LoginTest - ********Validating expected msg*******
17:02:35.481 [main] INFO  TestCases.TC002_LoginTest - ******Finished TC001_AcoountRegistrationTest ******
17:03:27.630 [main] DEBUG org.testng.TestNG - suiteXmlPath: "D:\Java_Programs\OpencartV121\master.xml"
17:03:32.101 [main] INFO  TestCases.TC001_AcoountRegistrationTest - ******Starting TC001_AcoountRegistrationTest ******
17:03:33.082 [main] INFO  TestCases.TC001_AcoountRegistrationTest - ******Clicked on click_myacc******
17:03:33.641 [main] INFO  TestCases.TC001_AcoountRegistrationTest - ******Clicked on click_register******
17:03:33.652 [main] INFO  TestCases.TC001_AcoountRegistrationTest - ******Providing customer details******
17:03:35.595 [main] INFO  TestCases.TC001_AcoountRegistrationTest - ********Validating expected msg*******
17:03:35.664 [main] INFO  TestCases.TC001_AcoountRegistrationTest - ******Finished TC001_AcoountRegistrationTest ******
17:03:38.694 [main] INFO  TestCases.TC002_LoginTest - ******Starting TC002_LoginTest ******
17:03:39.939 [main] INFO  TestCases.TC002_LoginTest - ******Clicked on click_to_login page******
17:03:39.942 [main] INFO  TestCases.TC002_LoginTest - ******Providing customer valid email and vaild pwd******
17:04:10.539 [main] INFO  TestCases.TC002_LoginTest - ********Validating expected msg*******
11:17:34.339 [main] DEBUG org.testng.TestNG - suiteXmlPath: "D:\Java_Programs\OpencartV121\master.xml"
11:17:35.102 [main] INFO  org.testng.internal.Utils - [TestNG] Running:
  D:\Java_Programs\OpencartV121\master.xml

11:17:46.674 [main] INFO  TestCases.TC001_AcoountRegistrationTest - ******Starting TC001_AcoountRegistrationTest ******
11:17:47.533 [main] INFO  TestCases.TC001_AcoountRegistrationTest - ******Clicked on click_myacc******
11:17:48.081 [main] INFO  TestCases.TC001_AcoountRegistrationTest - ******Clicked on click_register******
11:17:48.085 [main] INFO  TestCases.TC001_AcoountRegistrationTest - ******Providing customer details******
11:17:49.582 [main] INFO  TestCases.TC001_AcoountRegistrationTest - ********Validating expected msg*******
11:17:49.631 [main] INFO  TestCases.TC001_AcoountRegistrationTest - ******Finished TC001_AcoountRegistrationTest ******
11:17:52.436 [main] INFO  TestCases.TC002_LoginTest - ******Starting TC002_LoginTest ******
11:17:53.819 [main] INFO  TestCases.TC002_LoginTest - ******Clicked on click_to_login page******
11:17:53.822 [main] INFO  TestCases.TC002_LoginTest - ******Providing customer valid email and vaild pwd******
11:17:54.783 [main] INFO  TestCases.TC002_LoginTest - ********Validating expected msg*******
11:17:54.784 [main] INFO  TestCases.TC002_LoginTest - ******Finished TC001_AcoountRegistrationTest ******
16:29:35.789 [main] DEBUG org.testng.TestNG - suiteXmlPath: "D:\Java_Programs\OpencartV121\master.xml"
16:29:43.791 [main] INFO  TestCases.TC001_AcoountRegistrationTest - ******Starting TC001_AcoountRegistrationTest ******
16:29:44.854 [main] INFO  TestCases.TC001_AcoountRegistrationTest - ******Clicked on click_myacc******
16:29:45.826 [main] INFO  TestCases.TC001_AcoountRegistrationTest - ******Clicked on click_register******
16:29:45.833 [main] INFO  TestCases.TC001_AcoountRegistrationTest - ******Providing customer details******
16:29:48.637 [main] INFO  TestCases.TC001_AcoountRegistrationTest - ********Validating expected msg*******
16:29:48.716 [main] INFO  TestCases.TC001_AcoountRegistrationTest - ******Finished TC001_AcoountRegistrationTest ******
16:29:52.786 [main] INFO  TestCases.TC002_LoginTest - ******Starting TC002_LoginTest ******
16:29:53.645 [main] INFO  TestCases.TC002_LoginTest - ******Clicked on click_to_login page******
16:29:53.648 [main] INFO  TestCases.TC002_LoginTest - ******Providing customer valid email and vaild pwd******
16:29:55.231 [main] INFO  TestCases.TC002_LoginTest - ********Validating expected msg*******
16:29:55.231 [main] INFO  TestCases.TC002_LoginTest - ******Finished TC001_AcoountRegistrationTest ******
16:58:22.574 [main] DEBUG org.testng.TestNG - suiteXmlPath: "D:\Java_Programs\OpencartV121\master.xml"
16:58:27.315 [main] INFO  TestCases.TC001_AcoountRegistrationTest - ******Starting TC001_AcoountRegistrationTest ******
16:58:28.006 [main] INFO  TestCases.TC001_AcoountRegistrationTest - ******Clicked on click_myacc******
16:58:28.705 [main] INFO  TestCases.TC001_AcoountRegistrationTest - ******Clicked on click_register******
16:58:28.711 [main] INFO  TestCases.TC001_AcoountRegistrationTest - ******Providing customer details******
16:58:30.152 [main] INFO  TestCases.TC001_AcoountRegistrationTest - ********Validating expected msg*******
16:58:30.264 [main] INFO  TestCases.TC001_AcoountRegistrationTest - ******Finished TC001_AcoountRegistrationTest ******
16:58:33.433 [main] INFO  TestCases.TC002_LoginTest - ******Starting TC002_LoginTest ******
16:58:35.130 [main] INFO  TestCases.TC002_LoginTest - ******Clicked on click_to_login page******
16:58:35.132 [main] INFO  TestCases.TC002_LoginTest - ******Providing customer valid email and vaild pwd******
16:58:36.055 [main] INFO  TestCases.TC002_LoginTest - ********Validating expected msg*******
16:58:36.055 [main] INFO  TestCases.TC002_LoginTest - ******Finished TC001_AcoountRegistrationTest ******
12:45:34.530 [main] DEBUG org.testng.TestNG - suiteXmlPath: "D:\Java_Programs\OpencartV121\master.xml"
12:45:34.949 [main] INFO  org.testng.internal.Utils - [TestNG] Running:
  D:\Java_Programs\OpencartV121\master.xml

12:46:15.617 [main] DEBUG org.testng.TestNG - suiteXmlPath: "D:\Java_Programs\OpencartV121\master.xml"
12:46:16.098 [main] INFO  org.testng.internal.Utils - [TestNG] Running:
  D:\Java_Programs\OpencartV121\master.xml

12:46:20.171 [main] INFO  TestCases.TC001_AcoountRegistrationTest - ******Starting TC001_AcoountRegistrationTest ******
12:46:20.992 [main] INFO  TestCases.TC001_AcoountRegistrationTest - ******Clicked on click_myacc******
12:46:21.660 [main] INFO  TestCases.TC001_AcoountRegistrationTest - ******Clicked on click_register******
12:46:21.670 [main] INFO  TestCases.TC001_AcoountRegistrationTest - ******Providing customer details******
12:46:23.334 [main] INFO  TestCases.TC001_AcoountRegistrationTest - ********Validating expected msg*******
12:46:23.452 [main] INFO  TestCases.TC001_AcoountRegistrationTest - ******Finished TC001_AcoountRegistrationTest ******
12:46:26.268 [main] INFO  TestCases.TC002_LoginTest - ******Starting TC002_LoginTest ******
12:46:27.474 [main] INFO  TestCases.TC002_LoginTest - ******Clicked on click_to_login page******
12:46:27.477 [main] INFO  TestCases.TC002_LoginTest - ******Providing customer valid email and vaild pwd******
12:46:28.436 [main] INFO  TestCases.TC002_LoginTest - ********Validating expected msg*******
12:46:28.436 [main] INFO  TestCases.TC002_LoginTest - ******Finished TC001_AcoountRegistrationTest ******
12:49:29.376 [main] DEBUG org.testng.TestNG - suiteXmlPath: "D:\Java_Programs\OpencartV121\master.xml"
12:49:33.698 [main] INFO  TestCases.TC001_AcoountRegistrationTest - ******Starting TC001_AcoountRegistrationTest ******
12:49:34.528 [main] INFO  TestCases.TC001_AcoountRegistrationTest - ******Clicked on click_myacc******
12:49:35.086 [main] INFO  TestCases.TC001_AcoountRegistrationTest - ******Clicked on click_register******
12:49:35.095 [main] INFO  TestCases.TC001_AcoountRegistrationTest - ******Providing customer details******
12:49:36.432 [main] INFO  TestCases.TC001_AcoountRegistrationTest - ********Validating expected msg*******
12:49:36.535 [main] INFO  TestCases.TC001_AcoountRegistrationTest - ******Finished TC001_AcoountRegistrationTest ******
12:49:39.419 [main] INFO  TestCases.TC002_LoginTest - ******Starting TC002_LoginTest ******
12:49:40.706 [main] INFO  TestCases.TC002_LoginTest - ******Clicked on click_to_login page******
12:49:40.707 [main] INFO  TestCases.TC002_LoginTest - ******Providing customer valid email and vaild pwd******
12:49:41.637 [main] INFO  TestCases.TC002_LoginTest - ********Validating expected msg*******
12:49:41.637 [main] INFO  TestCases.TC002_LoginTest - ******Finished TC001_AcoountRegistrationTest ******
21:52:59.780 [main] DEBUG org.testng.TestNG - suiteXmlPath: "D:\Java_Programs\OpencartV121\master.xml"
21:53:08.609 [main] INFO  TestCases.TC001_AcoountRegistrationTest - ******Starting TC001_AcoountRegistrationTest ******
21:53:09.614 [main] INFO  TestCases.TC001_AcoountRegistrationTest - ******Clicked on click_myacc******
21:53:10.290 [main] INFO  TestCases.TC001_AcoountRegistrationTest - ******Clicked on click_register******
21:53:10.298 [main] INFO  TestCases.TC001_AcoountRegistrationTest - ******Providing customer details******
21:53:11.858 [main] INFO  TestCases.TC001_AcoountRegistrationTest - ********Validating expected msg*******
21:53:11.966 [main] INFO  TestCases.TC001_AcoountRegistrationTest - ******Finished TC001_AcoountRegistrationTest ******
21:53:16.875 [main] INFO  TestCases.TC002_LoginTest - ******Starting TC002_LoginTest ******
21:53:18.412 [main] INFO  TestCases.TC002_LoginTest - ******Clicked on click_to_login page******
21:53:18.417 [main] INFO  TestCases.TC002_LoginTest - ******Providing customer valid email and vaild pwd******
21:53:19.476 [main] INFO  TestCases.TC002_LoginTest - ********Validating expected msg*******
21:53:19.476 [main] INFO  TestCases.TC002_LoginTest - ******Finished TC001_AcoountRegistrationTest ******
21:55:22.183 [main] DEBUG org.testng.TestNG - suiteXmlPath: "D:\Java_Programs\OpencartV121\master.xml"
22:20:18.277 [main] DEBUG org.testng.TestNG - suiteXmlPath: "D:\Java_Programs\OpencartV121\master.xml"
22:20:25.504 [main] INFO  TestCases.TC001_AcoountRegistrationTest - ******Starting TC001_AcoountRegistrationTest ******
22:20:26.474 [main] INFO  TestCases.TC001_AcoountRegistrationTest - ******Clicked on click_myacc******
22:20:27.279 [main] INFO  TestCases.TC001_AcoountRegistrationTest - ******Clicked on click_register******
22:20:27.289 [main] INFO  TestCases.TC001_AcoountRegistrationTest - ******Providing customer details******
22:20:29.559 [main] INFO  TestCases.TC001_AcoountRegistrationTest - ********Validating expected msg*******
22:20:29.629 [main] INFO  TestCases.TC001_AcoountRegistrationTest - ******Finished TC001_AcoountRegistrationTest ******
22:20:33.901 [main] INFO  TestCases.TC002_LoginTest - ******Starting TC002_LoginTest ******
22:20:35.181 [main] INFO  TestCases.TC002_LoginTest - ******Clicked on click_to_login page******
22:20:35.187 [main] INFO  TestCases.TC002_LoginTest - ******Providing customer valid email and vaild pwd******
22:21:06.466 [main] INFO  TestCases.TC002_LoginTest - ********Validating expected msg*******
22:21:22.701 [main] DEBUG org.testng.TestNG - suiteXmlPath: "D:\Java_Programs\OpencartV121\master.xml"
22:21:27.621 [main] INFO  TestCases.TC001_AcoountRegistrationTest - ******Starting TC001_AcoountRegistrationTest ******
22:21:28.452 [main] INFO  TestCases.TC001_AcoountRegistrationTest - ******Clicked on click_myacc******
22:21:29.048 [main] INFO  TestCases.TC001_AcoountRegistrationTest - ******Clicked on click_register******
22:21:29.053 [main] INFO  TestCases.TC001_AcoountRegistrationTest - ******Providing customer details******
22:21:31.057 [main] INFO  TestCases.TC001_AcoountRegistrationTest - ********Validating expected msg*******
22:21:31.125 [main] INFO  TestCases.TC001_AcoountRegistrationTest - ******Finished TC001_AcoountRegistrationTest ******
22:21:34.135 [main] INFO  TestCases.TC002_LoginTest - ******Starting TC002_LoginTest ******
22:21:35.491 [main] INFO  TestCases.TC002_LoginTest - ******Clicked on click_to_login page******
22:21:35.494 [main] INFO  TestCases.TC002_LoginTest - ******Providing customer valid email and vaild pwd******
22:22:06.588 [main] INFO  TestCases.TC002_LoginTest - ********Validating expected msg*******
16:49:26.473 [main] DEBUG org.testng.TestNG - suiteXmlPath: "D:\Java_Programs\OpencartV121\master.xml"
16:50:56.570 [main] DEBUG org.testng.TestNG - suiteXmlPath: "D:\Java_Programs\OpencartV121\master.xml"
16:59:15.080 [main] DEBUG org.testng.TestNG - suiteXmlPath: "D:\Java_Programs\OpencartV121\master.xml"
17:22:18.836 [main] DEBUG org.testng.TestNG - suiteXmlPath: "D:\Java_Programs\OpencartV121\master.xml"
17:24:04.713 [main] DEBUG org.testng.TestNG - suiteXmlPath: "D:\Java_Programs\OpencartV121\master.xml"
17:27:02.638 [main] DEBUG org.testng.TestNG - suiteXmlPath: "D:\Java_Programs\OpencartV121\master.xml"
17:28:28.026 [main] DEBUG org.testng.TestNG - suiteXmlPath: "D:\Java_Programs\OpencartV121\master.xml"
17:30:47.214 [main] DEBUG org.testng.TestNG - suiteXmlPath: "D:\Java_Programs\OpencartV121\master.xml"
16:39:42.738 [main] DEBUG org.testng.TestNG - suiteXmlPath: "D:\Java_Programs\OpencartV121\master.xml"
17:09:08.430 [main] DEBUG org.testng.TestNG - suiteXmlPath: "D:\Java_Programs\OpencartV121\master.xml"
09:24:56.396 [main] DEBUG org.testng.TestNG - suiteXmlPath: "D:\Java_Programs\OpencartV121\master.xml"
09:24:56.841 [main] INFO  org.testng.internal.Utils - [TestNG] Running:
  D:\Java_Programs\OpencartV121\master.xml

09:25:04.553 [main] INFO  TestCases.TC001_AcoountRegistrationTest - ******Starting TC001_AcoountRegistrationTest ******
09:25:05.196 [main] INFO  TestCases.TC001_AcoountRegistrationTest - ******Clicked on click_myacc******
09:25:05.940 [main] INFO  TestCases.TC001_AcoountRegistrationTest - ******Clicked on click_register******
09:25:05.943 [main] INFO  TestCases.TC001_AcoountRegistrationTest - ******Providing customer details******
09:25:07.820 [main] INFO  TestCases.TC001_AcoountRegistrationTest - ********Validating expected msg*******
09:25:07.867 [main] INFO  TestCases.TC001_AcoountRegistrationTest - ******Finished TC001_AcoountRegistrationTest ******
09:25:11.164 [main] INFO  TestCases.TC002_LoginTest - ******Starting TC002_LoginTest ******
09:25:12.343 [main] INFO  TestCases.TC002_LoginTest - ******Clicked on click_to_login page******
09:25:12.347 [main] INFO  TestCases.TC002_LoginTest - ******Providing customer valid email and vaild pwd******
09:25:43.623 [main] INFO  TestCases.TC002_LoginTest - ********Validating expected msg*******
09:26:14.463 [main] DEBUG org.testng.TestNG - suiteXmlPath: "D:\Java_Programs\OpencartV121\master.xml"
09:26:14.881 [main] INFO  org.testng.internal.Utils - [TestNG] Running:
  D:\Java_Programs\OpencartV121\master.xml

09:26:18.729 [main] INFO  TestCases.TC001_AcoountRegistrationTest - ******Starting TC001_AcoountRegistrationTest ******
09:26:19.441 [main] INFO  TestCases.TC001_AcoountRegistrationTest - ******Clicked on click_myacc******
09:26:20.132 [main] INFO  TestCases.TC001_AcoountRegistrationTest - ******Clicked on click_register******
09:26:20.134 [main] INFO  TestCases.TC001_AcoountRegistrationTest - ******Providing customer details******
09:26:22.091 [main] INFO  TestCases.TC001_AcoountRegistrationTest - ********Validating expected msg*******
09:26:22.156 [main] INFO  TestCases.TC001_AcoountRegistrationTest - ******Finished TC001_AcoountRegistrationTest ******
09:26:25.191 [main] INFO  TestCases.TC002_LoginTest - ******Starting TC002_LoginTest ******
09:26:25.700 [main] INFO  TestCases.TC002_LoginTest - ******Clicked on click_to_login page******
09:26:25.701 [main] INFO  TestCases.TC002_LoginTest - ******Providing customer valid email and vaild pwd******
09:26:35.235 [main] INFO  TestCases.TC002_LoginTest - ********Validating expected msg*******
09:27:28.969 [main] DEBUG org.testng.TestNG - suiteXmlPath: "D:\Java_Programs\OpencartV121\master.xml"
09:27:29.402 [main] INFO  org.testng.internal.Utils - [TestNG] Running:
  D:\Java_Programs\OpencartV121\master.xml

09:28:39.209 [main] DEBUG org.testng.TestNG - suiteXmlPath: "D:\Java_Programs\OpencartV121\master.xml"
09:28:39.661 [main] INFO  org.testng.internal.Utils - [TestNG] Running:
  D:\Java_Programs\OpencartV121\master.xml

09:28:46.802 [main] INFO  TestCases.TC001_AcoountRegistrationTest - ******Starting TC001_AcoountRegistrationTest ******
09:29:23.765 [main] INFO  TestCases.TC002_LoginTest - ******Starting TC002_LoginTest ******
09:39:21.615 [main] DEBUG org.testng.TestNG - suiteXmlPath: "D:\Java_Programs\OpencartV121\master.xml"
09:39:22.030 [main] INFO  org.testng.internal.Utils - [TestNG] Running:
  D:\Java_Programs\OpencartV121\master.xml

09:39:25.397 [main] INFO  TestCases.TC001_AcoountRegistrationTest - ******Starting TC001_AcoountRegistrationTest ******
09:50:01.944 [main] DEBUG org.testng.TestNG - suiteXmlPath: "D:\Java_Programs\OpencartV121\master.xml"
09:50:02.441 [main] INFO  org.testng.internal.Utils - [TestNG] Running:
  D:\Java_Programs\OpencartV121\master.xml

09:50:07.102 [main] INFO  TestCases.TC001_AcoountRegistrationTest - ******Starting TC001_AcoountRegistrationTest ******
09:50:08.108 [main] INFO  TestCases.TC001_AcoountRegistrationTest - ******Clicked on click_myacc******
09:50:08.897 [main] INFO  TestCases.TC001_AcoountRegistrationTest - ******Clicked on click_register******
09:50:08.901 [main] INFO  TestCases.TC001_AcoountRegistrationTest - ******Providing customer details******
09:50:11.311 [main] INFO  TestCases.TC001_AcoountRegistrationTest - ********Validating expected msg*******
09:50:11.378 [main] INFO  TestCases.TC001_AcoountRegistrationTest - ******Finished TC001_AcoountRegistrationTest ******
09:50:14.484 [main] INFO  TestCases.TC002_LoginTest - ******Starting TC002_LoginTest ******
09:50:14.980 [main] INFO  TestCases.TC002_LoginTest - ******Clicked on click_to_login page******
09:50:14.981 [main] INFO  TestCases.TC002_LoginTest - ******Providing customer valid email and vaild pwd******
09:50:46.224 [main] INFO  TestCases.TC002_LoginTest - ********Validating expected msg*******
09:51:43.593 [main] DEBUG org.testng.TestNG - suiteXmlPath: "D:\Java_Programs\OpencartV121\master.xml"
09:51:44.018 [main] INFO  org.testng.internal.Utils - [TestNG] Running:
  D:\Java_Programs\OpencartV121\master.xml

09:51:50.130 [main] INFO  TestCases.TC001_AcoountRegistrationTest - ******Starting TC001_AcoountRegistrationTest ******
09:51:50.296 [main] INFO  TestCases.TC001_AcoountRegistrationTest - ******Clicked on click_myacc******
09:51:51.136 [main] INFO  TestCases.TC001_AcoountRegistrationTest - ******Clicked on click_register******
09:51:51.139 [main] INFO  TestCases.TC001_AcoountRegistrationTest - ******Providing customer details******
09:51:52.989 [main] INFO  TestCases.TC001_AcoountRegistrationTest - ********Validating expected msg*******
09:51:53.062 [main] INFO  TestCases.TC001_AcoountRegistrationTest - ******Finished TC001_AcoountRegistrationTest ******
09:51:55.866 [main] INFO  TestCases.TC002_LoginTest - ******Starting TC002_LoginTest ******
09:51:57.165 [main] INFO  TestCases.TC002_LoginTest - ******Clicked on click_to_login page******
09:51:57.169 [main] INFO  TestCases.TC002_LoginTest - ******Providing customer valid email and vaild pwd******
09:51:58.449 [main] INFO  TestCases.TC002_LoginTest - ********Validating expected msg*******
09:51:58.450 [main] INFO  TestCases.TC002_LoginTest - ******Finished TC001_AcoountRegistrationTest ******
13:38:47.643 [main] DEBUG org.testng.TestNG - suiteXmlPath: "D:\Java_Programs\OpencartV121\master.xml"
13:38:48.119 [main] INFO  org.testng.internal.Utils - [TestNG] Running:
  D:\Java_Programs\OpencartV121\master.xml

13:38:51.284 [main] INFO  TestCases.TC001_AcoountRegistrationTest - ******Starting TC001_AcoountRegistrationTest ******
13:38:51.453 [main] INFO  TestCases.TC001_AcoountRegistrationTest - ******Clicked on click_myacc******
13:38:52.001 [main] INFO  TestCases.TC001_AcoountRegistrationTest - ******Clicked on click_register******
13:38:52.007 [main] INFO  TestCases.TC001_AcoountRegistrationTest - ******Providing customer details******
13:38:53.441 [main] INFO  TestCases.TC001_AcoountRegistrationTest - ********Validating expected msg*******
13:38:53.552 [main] INFO  TestCases.TC001_AcoountRegistrationTest - ******Finished TC001_AcoountRegistrationTest ******
13:38:56.713 [main] INFO  TestCases.TC002_LoginTest - ******Starting TC002_LoginTest ******
13:38:57.359 [main] INFO  TestCases.TC002_LoginTest - ******Clicked on click_to_login page******
13:38:57.362 [main] INFO  TestCases.TC002_LoginTest - ******Providing customer valid email and vaild pwd******
13:38:58.654 [main] INFO  TestCases.TC002_LoginTest - ********Validating expected msg*******
13:38:58.654 [main] INFO  TestCases.TC002_LoginTest - ******Finished TC001_AcoountRegistrationTest ******
13:39:53.192 [main] DEBUG org.testng.TestNG - suiteXmlPath: "D:\Java_Programs\OpencartV121\master.xml"
13:39:53.644 [main] INFO  org.testng.internal.Utils - [TestNG] Running:
  D:\Java_Programs\OpencartV121\master.xml

13:39:57.458 [main] INFO  TestCases.TC001_AcoountRegistrationTest - ******Starting TC001_AcoountRegistrationTest ******
